c:\users\senuk\source\repos\vulkan\thebettervulkanbase\thebettervulkanbase\x64\debug\vc143.pdb
c:\users\senuk\source\repos\vulkan\thebettervulkanbase\thebettervulkanbase\x64\debug\vc143.idb
c:\users\senuk\source\repos\vulkan\thebettervulkanbase\thebettervulkanbase\x64\debug\sve_window.obj
c:\users\senuk\source\repos\vulkan\thebettervulkanbase\thebettervulkanbase\x64\debug\sve_swap_chain.obj
c:\users\senuk\source\repos\vulkan\thebettervulkanbase\thebettervulkanbase\x64\debug\sve_pipeline.obj
c:\users\senuk\source\repos\vulkan\thebettervulkanbase\thebettervulkanbase\x64\debug\sve_model.obj
c:\users\senuk\source\repos\vulkan\thebettervulkanbase\thebettervulkanbase\x64\debug\sve_game_object.obj
c:\users\senuk\source\repos\vulkan\thebettervulkanbase\thebettervulkanbase\x64\debug\sve_device.obj
c:\users\senuk\source\repos\vulkan\thebettervulkanbase\thebettervulkanbase\x64\debug\sve_renderer.obj
c:\users\senuk\source\repos\vulkan\thebettervulkanbase\thebettervulkanbase\x64\debug\sve_descriptors.obj
c:\users\senuk\source\repos\vulkan\thebettervulkanbase\thebettervulkanbase\x64\debug\sve_camera.obj
c:\users\senuk\source\repos\vulkan\thebettervulkanbase\thebettervulkanbase\x64\debug\sve_buffer.obj
c:\users\senuk\source\repos\vulkan\thebettervulkanbase\thebettervulkanbase\x64\debug\simple_render_system.obj
c:\users\senuk\source\repos\vulkan\thebettervulkanbase\thebettervulkanbase\x64\debug\keyboard_movement_controller.obj
c:\users\senuk\source\repos\vulkan\thebettervulkanbase\thebettervulkanbase\x64\debug\first_app.obj
c:\users\senuk\source\repos\vulkan\thebettervulkanbase\thebettervulkanbase\x64\debug\main.obj
c:\users\senuk\source\repos\vulkan\thebettervulkanbase\x64\debug\thebettervulkanbase.pdb
c:\users\senuk\source\repos\vulkan\thebettervulkanbase\thebettervulkanbase\x64\debug\thebette.5394e42e.tlog\cl.command.1.tlog
c:\users\senuk\source\repos\vulkan\thebettervulkanbase\thebettervulkanbase\x64\debug\thebette.5394e42e.tlog\cl.items.tlog
c:\users\senuk\source\repos\vulkan\thebettervulkanbase\thebettervulkanbase\x64\debug\thebette.5394e42e.tlog\cl.read.1.tlog
c:\users\senuk\source\repos\vulkan\thebettervulkanbase\thebettervulkanbase\x64\debug\thebette.5394e42e.tlog\cl.write.1.tlog
c:\users\senuk\source\repos\vulkan\thebettervulkanbase\thebettervulkanbase\x64\debug\thebette.5394e42e.tlog\link.66256-cvtres.read.1.tlog
c:\users\senuk\source\repos\vulkan\thebettervulkanbase\thebettervulkanbase\x64\debug\thebette.5394e42e.tlog\link.66256-cvtres.write.1.tlog
c:\users\senuk\source\repos\vulkan\thebettervulkanbase\thebettervulkanbase\x64\debug\thebette.5394e42e.tlog\link.66256-rc.read.1.tlog
c:\users\senuk\source\repos\vulkan\thebettervulkanbase\thebettervulkanbase\x64\debug\thebette.5394e42e.tlog\link.66256-rc.write.1.tlog
c:\users\senuk\source\repos\vulkan\thebettervulkanbase\thebettervulkanbase\x64\debug\thebette.5394e42e.tlog\link.66256.read.1.tlog
c:\users\senuk\source\repos\vulkan\thebettervulkanbase\thebettervulkanbase\x64\debug\thebette.5394e42e.tlog\link.66256.read.2.tlog
c:\users\senuk\source\repos\vulkan\thebettervulkanbase\thebettervulkanbase\x64\debug\thebette.5394e42e.tlog\link.66256.write.1.tlog
c:\users\senuk\source\repos\vulkan\thebettervulkanbase\thebettervulkanbase\x64\debug\thebette.5394e42e.tlog\link.command.1.tlog
c:\users\senuk\source\repos\vulkan\thebettervulkanbase\thebettervulkanbase\x64\debug\thebette.5394e42e.tlog\link.read.1.tlog
c:\users\senuk\source\repos\vulkan\thebettervulkanbase\thebettervulkanbase\x64\debug\thebette.5394e42e.tlog\link.write.1.tlog
